[INFO] [launch]: All log files can be found below /home/mon/.ros/log/2026-06-22-21-19-14-306986-WIN-7FA3UFRN28L-617518
[INFO] [launch]: Default logging verbosity is set to INFO
[INFO] [gzserver-1]: process started with pid [617584]
[INFO] [robot_state_publisher-2]: process started with pid [617586]
[INFO] [python3-3]: process started with pid [617588]
[INFO] [navigation_node-4]: process started with pid [617590]
[INFO] [perception_node-5]: process started with pid [617594]
[perception_node-5] [INFO] [1782152359.891055662] [perception_node]: Drone Perception Node (Dual dToF Mode) started.
[robot_state_publisher-2] [INFO] [1782152359.929179494] [robot_state_publisher]: got segment base_footprint
[robot_state_publisher-2] [INFO] [1782152359.929324650] [robot_state_publisher]: got segment base_link
[robot_state_publisher-2] [INFO] [1782152359.929332190] [robot_state_publisher]: got segment camera_left_link
[robot_state_publisher-2] [INFO] [1782152359.929335431] [robot_state_publisher]: got segment camera_link
[robot_state_publisher-2] [INFO] [1782152359.929338350] [robot_state_publisher]: got segment camera_right_link
[robot_state_publisher-2] [INFO] [1782152359.929341138] [robot_state_publisher]: got segment dtof_back_link
[robot_state_publisher-2] [INFO] [1782152359.929343659] [robot_state_publisher]: got segment dtof_link
[robot_state_publisher-2] [INFO] [1782152359.929346244] [robot_state_publisher]: got segment imu_link
[navigation_node-4] [INFO] [1782152359.986301071] [navigation_node]: Subscribing to Left: /left/image_raw, Right: /right/image_raw
[navigation_node-4] [INFO] [1782152359.986464816] [navigation_node]: Drone Navigation Node (Stereo VIO Wrapper) started.
[python3-3] [INFO] [1782152360.655739351] [spawn_entity]: Spawn Entity started
[python3-3] [INFO] [1782152360.656097315] [spawn_entity]: Loading entity published on topic robot_description
[python3-3] [INFO] [1782152360.657683155] [spawn_entity]: Waiting for entity xml on robot_description
[gzserver-1] [INFO] [1782152361.950800701] [gazebo.gazebo_ros_state]: Publishing states of gazebo models at [/gazebo/model_states]
[gzserver-1] [INFO] [1782152361.951778494] [gazebo.gazebo_ros_state]: Publishing states of gazebo links at [/gazebo/link_states]
[python3-3] [INFO] [1782152364.604355840] [spawn_entity]: Waiting for service /spawn_entity, timeout = 30
[python3-3] [INFO] [1782152364.604682720] [spawn_entity]: Waiting for service /spawn_entity
[python3-3] [INFO] [1782152364.607675569] [spawn_entity]: Calling service /spawn_entity
[gzserver-1] [INFO] [1782152364.786289779] [drone_bumper_plugin]: Publishing contact states to [/drone/collisions]
[gzserver-1] [INFO] [1782152365.067247665] [left_camera_controller]: Publishing camera info to [/left/camera_info]
[python3-3] [INFO] [1782152365.075581432] [spawn_entity]: Spawn status: SpawnEntity: Successfully spawned entity [rescue_drone]
[gzserver-1] [INFO] [1782152365.084537760] [right_camera_controller]: Publishing camera info to [/right/camera_info]
[gzserver-1] [INFO] [1782152365.099587296] [dtof_back_controller]: missing <radiation_type>, defaulting to infrared
[gzserver-1] [INFO] [1782152365.108234699] [dtof_controller]: missing <radiation_type>, defaulting to infrared
[gzserver-1] [INFO] [1782152365.119789758] [imu_plugin]: <initial_orientation_as_reference> is unset, using default value of false to comply with REP 145 (world as orientation reference)
[gzserver-1] [INFO] [1782152365.192644643] [drone_move_controller]: Subscribed to [/cmd_vel]
[gzserver-1] [INFO] [1782152365.194630226] [drone_move_controller]: Advertise odometry on [/odom]
[gzserver-1] [INFO] [1782152365.197183316] [drone_move_controller]: Publishing odom transforms between [odom] and [base_footprint]
[INFO] [python3-3]: process has finished cleanly [pid 617588]
[navigation_node-4] [INFO] [1782152366.442465189] [navigation_node]: Stereo Camera Model initialized. Baseline: 0.0600 m
[perception_node-5] [WARN] [1782152375.416119485] [perception_node]: Front obstacle at 0.34 m
[navigation_node-4] [INFO] [1782152398.929919242] [rclcpp]: signal_handler(SIGINT/SIGTERM)
[perception_node-5] [INFO] [1782152398.929916552] [rclcpp]: signal_handler(SIGINT/SIGTERM)
[robot_state_publisher-2] [INFO] [1782152398.930072716] [rclcpp]: signal_handler(SIGINT/SIGTERM)
[INFO] [robot_state_publisher-2]: process has finished cleanly [pid 617586]
[INFO] [perception_node-5]: process has finished cleanly [pid 617594]
[INFO] [navigation_node-4]: process has finished cleanly [pid 617590]
[INFO] [gzserver-1]: process has finished cleanly [pid 617584]
